[     891ms] [ERROR] Failed to load resource: the server responded with a status of 404 () @ https://icons.llamao.fi/icons/protocols/narwhal?w=48&h=48:0
[    1139ms] [ERROR] Failed to load resource: the server responded with a status of 404 () @ https://icons.llamao.fi/icons/protocols/chronicle-labs?w=48&h=48:0
[    1139ms] [ERROR] Failed to load resource: the server responded with a status of 404 () @ https://icons.llamao.fi/icons/protocols/sumer?w=48&h=48:0
[    1139ms] [ERROR] Failed to load resource: the server responded with a status of 404 () @ https://icons.llamao.fi/icons/protocols/pingu?w=48&h=48:0
[    1139ms] [ERROR] Failed to load resource: the server responded with a status of 404 () @ https://icons.llamao.fi/icons/protocols/purps?w=48&h=48:0
[    1139ms] [ERROR] Failed to load resource: the server responded with a status of 404 () @ https://icons.llamao.fi/icons/protocols/izumi?w=48&h=48:0
[    1139ms] [ERROR] Failed to load resource: the server responded with a status of 404 () @ https://icons.llamao.fi/icons/protocols/skate?w=48&h=48:0
[    1140ms] [ERROR] Failed to load resource: the server responded with a status of 404 () @ https://icons.llamao.fi/icons/protocols/apriori?w=48&h=48:0
[    1140ms] [ERROR] Failed to load resource: the server responded with a status of 404 () @ https://icons.llamao.fi/icons/protocols/doppler?w=48&h=48:0
[    1140ms] [ERROR] Failed to load resource: the server responded with a status of 404 () @ https://icons.llamao.fi/icons/protocols/covenant?w=48&h=48:0
[    1140ms] [ERROR] Failed to load resource: the server responded with a status of 404 () @ https://icons.llamao.fi/icons/protocols/nabla?w=48&h=48:0
[    1140ms] [ERROR] Failed to load resource: the server responded with a status of 404 () @ https://icons.llamao.fi/icons/protocols/envio?w=48&h=48:0
[    1140ms] [ERROR] Failed to load resource: the server responded with a status of 404 () @ https://icons.llamao.fi/icons/protocols/multipli?w=48&h=48:0
[    1557ms] [ERROR] Failed to load resource: the server responded with a status of 404 () @ https://icons.llamao.fi/icons/protocols/sumer?w=48&h=48:0
[    1558ms] [ERROR] Failed to load resource: the server responded with a status of 404 () @ https://icons.llamao.fi/icons/protocols/apriori?w=48&h=48:0
[    1558ms] [ERROR] Failed to load resource: the server responded with a status of 404 () @ https://icons.llamao.fi/icons/protocols/izumi?w=48&h=48:0
[    1558ms] [ERROR] Failed to load resource: the server responded with a status of 404 () @ https://icons.llamao.fi/icons/protocols/nabla?w=48&h=48:0
[    1558ms] [ERROR] Failed to load resource: the server responded with a status of 404 () @ https://icons.llamao.fi/icons/protocols/pingu?w=48&h=48:0
[    1558ms] [ERROR] Failed to load resource: the server responded with a status of 404 () @ https://icons.llamao.fi/icons/protocols/narwhal?w=48&h=48:0
[    1558ms] [ERROR] Failed to load resource: the server responded with a status of 404 () @ https://icons.llamao.fi/icons/protocols/purps?w=48&h=48:0
[    1558ms] [ERROR] Failed to load resource: the server responded with a status of 404 () @ https://icons.llamao.fi/icons/protocols/multipli?w=48&h=48:0
[    1558ms] [ERROR] Failed to load resource: the server responded with a status of 404 () @ https://icons.llamao.fi/icons/protocols/chronicle-labs?w=48&h=48:0
[    1559ms] [ERROR] Failed to load resource: the server responded with a status of 404 () @ https://icons.llamao.fi/icons/protocols/doppler?w=48&h=48:0
[    1559ms] [ERROR] Failed to load resource: the server responded with a status of 404 () @ https://icons.llamao.fi/icons/protocols/covenant?w=48&h=48:0
[    1559ms] [ERROR] Failed to load resource: the server responded with a status of 404 () @ https://icons.llamao.fi/icons/protocols/skate?w=48&h=48:0
[    1559ms] [ERROR] Failed to load resource: the server responded with a status of 404 () @ https://icons.llamao.fi/icons/protocols/envio?w=48&h=48:0
