[     354ms] [ERROR] Failed to load resource: the server responded with a status of 404 () @ https://icons.llamao.fi/icons/protocols/sumer?w=48&h=48:0
[     356ms] [ERROR] Failed to load resource: the server responded with a status of 404 () @ https://icons.llamao.fi/icons/protocols/apriori?w=48&h=48:0
[     361ms] [ERROR] Failed to load resource: the server responded with a status of 404 () @ https://icons.llamao.fi/icons/protocols/izumi?w=48&h=48:0
[     361ms] [ERROR] Failed to load resource: the server responded with a status of 404 () @ https://icons.llamao.fi/icons/protocols/nabla?w=48&h=48:0
[     367ms] [ERROR] Failed to load resource: the server responded with a status of 404 () @ https://icons.llamao.fi/icons/protocols/pingu?w=48&h=48:0
[     368ms] [ERROR] Failed to load resource: the server responded with a status of 404 () @ https://icons.llamao.fi/icons/protocols/narwhal?w=48&h=48:0
[     369ms] [ERROR] Failed to load resource: the server responded with a status of 404 () @ https://icons.llamao.fi/icons/protocols/purps?w=48&h=48:0
[     369ms] [ERROR] Failed to load resource: the server responded with a status of 404 () @ https://icons.llamao.fi/icons/protocols/multipli?w=48&h=48:0
[     374ms] [ERROR] Failed to load resource: the server responded with a status of 404 () @ https://icons.llamao.fi/icons/protocols/chronicle-labs?w=48&h=48:0
[     375ms] [ERROR] Failed to load resource: the server responded with a status of 404 () @ https://icons.llamao.fi/icons/protocols/doppler?w=48&h=48:0
[     376ms] [ERROR] Failed to load resource: the server responded with a status of 404 () @ https://icons.llamao.fi/icons/protocols/covenant?w=48&h=48:0
[     376ms] [ERROR] Failed to load resource: the server responded with a status of 404 () @ https://icons.llamao.fi/icons/protocols/skate?w=48&h=48:0
[     376ms] [ERROR] Failed to load resource: the server responded with a status of 404 () @ https://icons.llamao.fi/icons/protocols/envio?w=48&h=48:0
[    1577ms] [ERROR] Failed to load resource: the server responded with a status of 404 () @ https://icons.llamao.fi/icons/protocols/sumer?w=48&h=48:0
[    1589ms] [ERROR] Failed to load resource: the server responded with a status of 404 () @ https://icons.llamao.fi/icons/protocols/apriori?w=48&h=48:0
[    1593ms] [ERROR] Failed to load resource: the server responded with a status of 404 () @ https://icons.llamao.fi/icons/protocols/izumi?w=48&h=48:0
[    1594ms] [ERROR] Failed to load resource: the server responded with a status of 404 () @ https://icons.llamao.fi/icons/protocols/nabla?w=48&h=48:0
[    1599ms] [ERROR] Failed to load resource: the server responded with a status of 404 () @ https://icons.llamao.fi/icons/protocols/pingu?w=48&h=48:0
[    1600ms] [ERROR] Failed to load resource: the server responded with a status of 404 () @ https://icons.llamao.fi/icons/protocols/narwhal?w=48&h=48:0
[    1600ms] [ERROR] Failed to load resource: the server responded with a status of 404 () @ https://icons.llamao.fi/icons/protocols/purps?w=48&h=48:0
[    1601ms] [ERROR] Failed to load resource: the server responded with a status of 404 () @ https://icons.llamao.fi/icons/protocols/multipli?w=48&h=48:0
[    1628ms] [ERROR] Failed to load resource: the server responded with a status of 404 () @ https://icons.llamao.fi/icons/protocols/chronicle-labs?w=48&h=48:0
[    1629ms] [ERROR] Failed to load resource: the server responded with a status of 404 () @ https://icons.llamao.fi/icons/protocols/doppler?w=48&h=48:0
[    1629ms] [ERROR] Failed to load resource: the server responded with a status of 404 () @ https://icons.llamao.fi/icons/protocols/covenant?w=48&h=48:0
[    1629ms] [ERROR] Failed to load resource: the server responded with a status of 404 () @ https://icons.llamao.fi/icons/protocols/skate?w=48&h=48:0
[    1630ms] [ERROR] Failed to load resource: the server responded with a status of 404 () @ https://icons.llamao.fi/icons/protocols/envio?w=48&h=48:0
