[     292ms] [ERROR] Failed to load resource: the server responded with a status of 404 () @ https://icons.llamao.fi/icons/protocols/sumer?w=48&h=48:0
[     292ms] [ERROR] Failed to load resource: the server responded with a status of 404 () @ https://icons.llamao.fi/icons/protocols/apriori?w=48&h=48:0
[     292ms] [ERROR] Failed to load resource: the server responded with a status of 404 () @ https://icons.llamao.fi/icons/protocols/izumi?w=48&h=48:0
[     292ms] [ERROR] Failed to load resource: the server responded with a status of 404 () @ https://icons.llamao.fi/icons/protocols/nabla?w=48&h=48:0
[     293ms] [ERROR] Failed to load resource: the server responded with a status of 404 () @ https://icons.llamao.fi/icons/protocols/pingu?w=48&h=48:0
[     293ms] [ERROR] Failed to load resource: the server responded with a status of 404 () @ https://icons.llamao.fi/icons/protocols/narwhal?w=48&h=48:0
[     293ms] [ERROR] Failed to load resource: the server responded with a status of 404 () @ https://icons.llamao.fi/icons/protocols/purps?w=48&h=48:0
[     293ms] [ERROR] Failed to load resource: the server responded with a status of 404 () @ https://icons.llamao.fi/icons/protocols/multipli?w=48&h=48:0
[     293ms] [ERROR] Failed to load resource: the server responded with a status of 404 () @ https://icons.llamao.fi/icons/protocols/chronicle-labs?w=48&h=48:0
[     294ms] [ERROR] Failed to load resource: the server responded with a status of 404 () @ https://icons.llamao.fi/icons/protocols/doppler?w=48&h=48:0
[     294ms] [ERROR] Failed to load resource: the server responded with a status of 404 () @ https://icons.llamao.fi/icons/protocols/covenant?w=48&h=48:0
[     294ms] [ERROR] Failed to load resource: the server responded with a status of 404 () @ https://icons.llamao.fi/icons/protocols/skate?w=48&h=48:0
[     294ms] [ERROR] Failed to load resource: the server responded with a status of 404 () @ https://icons.llamao.fi/icons/protocols/envio?w=48&h=48:0
[    1535ms] [ERROR] Failed to load resource: the server responded with a status of 404 () @ https://icons.llamao.fi/icons/protocols/sumer?w=48&h=48:0
[    1537ms] [ERROR] Failed to load resource: the server responded with a status of 404 () @ https://icons.llamao.fi/icons/protocols/apriori?w=48&h=48:0
[    1538ms] [ERROR] Failed to load resource: the server responded with a status of 404 () @ https://icons.llamao.fi/icons/protocols/izumi?w=48&h=48:0
[    1538ms] [ERROR] Failed to load resource: the server responded with a status of 404 () @ https://icons.llamao.fi/icons/protocols/nabla?w=48&h=48:0
[    1538ms] [ERROR] Failed to load resource: the server responded with a status of 404 () @ https://icons.llamao.fi/icons/protocols/pingu?w=48&h=48:0
[    1538ms] [ERROR] Failed to load resource: the server responded with a status of 404 () @ https://icons.llamao.fi/icons/protocols/narwhal?w=48&h=48:0
[    1538ms] [ERROR] Failed to load resource: the server responded with a status of 404 () @ https://icons.llamao.fi/icons/protocols/purps?w=48&h=48:0
[    1539ms] [ERROR] Failed to load resource: the server responded with a status of 404 () @ https://icons.llamao.fi/icons/protocols/multipli?w=48&h=48:0
[    1539ms] [ERROR] Failed to load resource: the server responded with a status of 404 () @ https://icons.llamao.fi/icons/protocols/chronicle-labs?w=48&h=48:0
[    1539ms] [ERROR] Failed to load resource: the server responded with a status of 404 () @ https://icons.llamao.fi/icons/protocols/doppler?w=48&h=48:0
[    1539ms] [ERROR] Failed to load resource: the server responded with a status of 404 () @ https://icons.llamao.fi/icons/protocols/covenant?w=48&h=48:0
[    1539ms] [ERROR] Failed to load resource: the server responded with a status of 404 () @ https://icons.llamao.fi/icons/protocols/skate?w=48&h=48:0
[    1540ms] [ERROR] Failed to load resource: the server responded with a status of 404 () @ https://icons.llamao.fi/icons/protocols/envio?w=48&h=48:0
[  864489ms] [ERROR] Failed to load resource: the server responded with a status of 404 () @ https://icons.llamao.fi/icons/protocols/sumer?w=48&h=48:0
[  864491ms] [ERROR] Failed to load resource: the server responded with a status of 404 () @ https://icons.llamao.fi/icons/protocols/apriori?w=48&h=48:0
[  864492ms] [ERROR] Failed to load resource: the server responded with a status of 404 () @ https://icons.llamao.fi/icons/protocols/izumi?w=48&h=48:0
[  864492ms] [ERROR] Failed to load resource: the server responded with a status of 404 () @ https://icons.llamao.fi/icons/protocols/nabla?w=48&h=48:0
[  864492ms] [ERROR] Failed to load resource: the server responded with a status of 404 () @ https://icons.llamao.fi/icons/protocols/pingu?w=48&h=48:0
[  864492ms] [ERROR] Failed to load resource: the server responded with a status of 404 () @ https://icons.llamao.fi/icons/protocols/narwhal?w=48&h=48:0
[  864492ms] [ERROR] Failed to load resource: the server responded with a status of 404 () @ https://icons.llamao.fi/icons/protocols/purps?w=48&h=48:0
[  864492ms] [ERROR] Failed to load resource: the server responded with a status of 404 () @ https://icons.llamao.fi/icons/protocols/multipli?w=48&h=48:0
[  864492ms] [ERROR] Failed to load resource: the server responded with a status of 404 () @ https://icons.llamao.fi/icons/protocols/chronicle-labs?w=48&h=48:0
[  864492ms] [ERROR] Failed to load resource: the server responded with a status of 404 () @ https://icons.llamao.fi/icons/protocols/doppler?w=48&h=48:0
[  864492ms] [ERROR] Failed to load resource: the server responded with a status of 404 () @ https://icons.llamao.fi/icons/protocols/covenant?w=48&h=48:0
[  864492ms] [ERROR] Failed to load resource: the server responded with a status of 404 () @ https://icons.llamao.fi/icons/protocols/skate?w=48&h=48:0
[  864493ms] [ERROR] Failed to load resource: the server responded with a status of 404 () @ https://icons.llamao.fi/icons/protocols/envio?w=48&h=48:0
[ 1115992ms] [ERROR] Failed to load resource: the server responded with a status of 404 () @ https://icons.llamao.fi/icons/protocols/sumer?w=48&h=48:0
[ 1115992ms] [ERROR] Failed to load resource: the server responded with a status of 404 () @ https://icons.llamao.fi/icons/protocols/apriori?w=48&h=48:0
[ 1115992ms] [ERROR] Failed to load resource: the server responded with a status of 404 () @ https://icons.llamao.fi/icons/protocols/izumi?w=48&h=48:0
[ 1115997ms] [ERROR] Failed to load resource: the server responded with a status of 404 () @ https://icons.llamao.fi/icons/protocols/nabla?w=48&h=48:0
[ 1115997ms] [ERROR] Failed to load resource: the server responded with a status of 404 () @ https://icons.llamao.fi/icons/protocols/pingu?w=48&h=48:0
[ 1115997ms] [ERROR] Failed to load resource: the server responded with a status of 404 () @ https://icons.llamao.fi/icons/protocols/narwhal?w=48&h=48:0
[ 1115997ms] [ERROR] Failed to load resource: the server responded with a status of 404 () @ https://icons.llamao.fi/icons/protocols/purps?w=48&h=48:0
[ 1115997ms] [ERROR] Failed to load resource: the server responded with a status of 404 () @ https://icons.llamao.fi/icons/protocols/multipli?w=48&h=48:0
[ 1115998ms] [ERROR] Failed to load resource: the server responded with a status of 404 () @ https://icons.llamao.fi/icons/protocols/chronicle-labs?w=48&h=48:0
[ 1115998ms] [ERROR] Failed to load resource: the server responded with a status of 404 () @ https://icons.llamao.fi/icons/protocols/doppler?w=48&h=48:0
[ 1115998ms] [ERROR] Failed to load resource: the server responded with a status of 404 () @ https://icons.llamao.fi/icons/protocols/covenant?w=48&h=48:0
[ 1115998ms] [ERROR] Failed to load resource: the server responded with a status of 404 () @ https://icons.llamao.fi/icons/protocols/skate?w=48&h=48:0
[ 1115998ms] [ERROR] Failed to load resource: the server responded with a status of 404 () @ https://icons.llamao.fi/icons/protocols/envio?w=48&h=48:0
